device: cpu
Loading data...
Loading MLP checkpoint...
Encoding training residuals...
coefficient matrix: (252, 123088)
Fitting RBF interpolator on all coefficients jointly...
Predicting...
Evaluating MLP base alone...

Phase 1 (MLP base)
  worst rMAE: sim 118  rMAE=0.0459  KL=6.0333  score=0.1422
  worst KL  : sim 118  KL=6.0333  score=0.1422  rMAE=0.0459

  rMAE by component (worst + bootstrap CI)
  component       worst               95% CI
  ──────────  ─────────  ───────────────────
  wing           0.0878  [ 0.0757,  0.0878]
  pylon          0.0456  [ 0.0440,  0.0456]
  fuselage       0.0236  [ 0.0216,  0.0236]
  nacelle        0.0212  [ 0.0204,  0.0212]

  R2 by component (pooled)
  component      pooled               95% CI
  ──────────  ─────────  ───────────────────
  wing           0.8619  [ 0.8506,  0.8653]
  pylon          0.9062  [ 0.8518,  0.8648]
  fuselage       0.9374  [ 0.9336,  0.9403]
  nacelle        0.9884  [ 0.9872,  0.9891]

  KL by component
  component     mean KL               95% CI     max KL  mean score   mean bias  mean spread
  ──────────  ─────────  ───────────────────  ─────────  ──────────  ──────────  ───────────
  wing           3.2111  [ 2.9003,  3.5303]     9.8389      0.2864      0.0256       0.3693
  pylon          1.5467  [ 1.3377,  1.7723]     5.5146      0.4931     -0.0344       0.3612
  fuselage       0.7451  [ 0.6689,  0.8341]     2.7644      0.6028      0.0006       0.2417
  nacelle        0.8803  [ 0.7985,  0.9657]     2.5706      0.5694     -0.0090       0.1034

  Global weighted KL: mean=1.8623  max=6.0333  mean score=0.3969

Phase 2 (MLP base)
  worst rMAE: sim 60  rMAE=0.0872  KL=6.9521  score=0.1258
  worst KL  : sim 64  KL=7.9376  score=0.1119  rMAE=0.0676

  rMAE by component (worst + bootstrap CI)
  component       worst               95% CI
  ──────────  ─────────  ───────────────────
  wing           0.1981  [ 0.1687,  0.1981]
  pylon          0.1759  [ 0.1479,  0.1759]
  fuselage       0.0421  [ 0.0389,  0.0421]
  nacelle        0.0521  [ 0.0403,  0.0521]

  R2 by component (pooled)
  component      pooled               95% CI
  ──────────  ─────────  ───────────────────
  wing           0.7681  [-2.5391, -0.6808]
  pylon          0.8475  [-3.2861, -1.0022]
  fuselage       0.8507  [-3.0988, -1.1038]
  nacelle        0.9560  [-0.5781,  0.2411]

  KL by component
  component     mean KL               95% CI     max KL  mean score   mean bias  mean spread
  ──────────  ─────────  ───────────────────  ─────────  ──────────  ──────────  ───────────
  wing           7.1396  [ 6.1954,  8.0829]    12.1764      0.1661      0.0594       1.2084
  pylon          5.5385  [ 4.7334,  6.3379]    10.0791      0.2140      0.0819       1.2541
  fuselage       1.7639  [ 1.4485,  2.0576]     4.2061      0.4483      0.0502       1.2905
  nacelle        3.2128  [ 2.6439,  3.8908]    10.7134      0.2904     -0.2665       0.6601

  Global weighted KL: mean=4.9745  max=7.9376  mean score=0.2038

Phase 1 (MLP + wavelet RBF residual)
  worst rMAE: sim 118  rMAE=0.0409  KL=5.3805  score=0.1567
  worst KL  : sim 118  KL=5.3805  score=0.1567  rMAE=0.0409

  rMAE by component (worst + bootstrap CI)
  component       worst               95% CI
  ──────────  ─────────  ───────────────────
  wing           0.0780  [ 0.0708,  0.0780]
  pylon          0.0632  [ 0.0511,  0.0632]
  fuselage       0.0259  [ 0.0252,  0.0259]
  nacelle        0.0195  [ 0.0171,  0.0195]

  R2 by component (pooled)
  component      pooled               95% CI
  ──────────  ─────────  ───────────────────
  wing           0.9037  [ 0.8938,  0.9079]
  pylon          0.9373  [ 0.9007,  0.9147]
  fuselage       0.9407  [ 0.9377,  0.9450]
  nacelle        0.9909  [ 0.9898,  0.9914]

  KL by component
  component     mean KL               95% CI     max KL  mean score   mean bias  mean spread
  ──────────  ─────────  ───────────────────  ─────────  ──────────  ──────────  ───────────
  wing           3.4975  [ 3.1834,  3.8158]     9.2741      0.2699      0.0037       0.3058
  pylon          1.7292  [ 1.4761,  2.0142]     7.8433      0.4653     -0.0165       0.2900
  fuselage       0.8742  [ 0.7833,  0.9757]     3.1486      0.5662     -0.0001       0.2322
  nacelle        0.7754  [ 0.7074,  0.8482]     2.1439      0.5971     -0.0056       0.0935

  Global weighted KL: mean=2.0410  max=5.3805  mean score=0.3773

Phase 2 (MLP + wavelet RBF residual)
  worst rMAE: sim 60  rMAE=0.0781  KL=7.2467  score=0.1213
  worst KL  : sim 2  KL=8.6501  score=0.1036  rMAE=0.0523

  rMAE by component (worst + bootstrap CI)
  component       worst               95% CI
  ──────────  ─────────  ───────────────────
  wing           0.1922  [ 0.1537,  0.1922]
  pylon          0.1659  [ 0.1156,  0.1659]
  fuselage       0.0429  [ 0.0322,  0.0429]
  nacelle        0.0645  [ 0.0498,  0.0645]

  R2 by component (pooled)
  component      pooled               95% CI
  ──────────  ─────────  ───────────────────
  wing           0.7822  [-4.5826, -1.5729]
  pylon          0.8824  [-6.6661, -2.3455]
  fuselage       0.8833  [-4.1914, -1.7002]
  nacelle        0.9524  [-0.9478,  0.0944]

  KL by component
  component     mean KL               95% CI     max KL  mean score   mean bias  mean spread
  ──────────  ─────────  ───────────────────  ─────────  ──────────  ──────────  ───────────
  wing           8.9569  [ 8.4388,  9.4679]    12.4976      0.1050      0.2776       1.4392
  pylon          6.5243  [ 5.9535,  7.0292]    10.2103      0.1485      0.4538       1.4876
  fuselage       1.9798  [ 1.7291,  2.2434]     5.9436      0.3804      0.2152       1.3745
  nacelle        3.4865  [ 2.6783,  4.4143]    13.0039      0.3168     -0.3719       0.6539

  Global weighted KL: mean=6.1830  max=8.6501  mean score=0.1430
